<?xml version="1.0" encoding="UTF-8"?>
<testsuite name="com.github.arucard21.globe.replicator.lookupservice.LookupServiceTest" tests="1" skipped="0" failures="0" errors="0" timestamp="2020-04-05T11:00:39" hostname="arucard" time="0.022">
  <properties/>
  <testcase name="this is just a dummy test" classname="com.github.arucard21.globe.replicator.lookupservice.LookupServiceTest" time="0.022"/>
  <system-out><![CDATA[]]></system-out>
  <system-err><![CDATA[]]></system-err>
</testsuite>
